<?xml version="1.0" encoding="UTF-8"?>
<!-- Generated by org.testng.reporters.JUnitReportReporter -->
<testsuite skipped="0" hostname="DESKTOP-JIT18G6" name="com.app.tests.AWSCalclatorTests" tests="3" failures="0" timestamp="15 Mar 2018 04:58:49 GMT" time="11.823" errors="0">
  <testcase name="defaultMonthlyBillTest" time="0.895" classname="com.app.tests.AWSCalclatorTests"/>
  <testcase name="addedEc2DefaultValuesTest" time="3.580" classname="com.app.tests.AWSCalclatorTests"/>
  <testcase name="clearFormTest" time="7.348" classname="com.app.tests.AWSCalclatorTests"/>
</testsuite> <!-- com.app.tests.AWSCalclatorTests -->
